2021-12-05 15:25:51 INFO:成功设置定时关机，时间：36000s

2021-12-05 15:26:44 INFO:成功设置定时关机，时间：36000s

2021-12-05 15:27:22 INFO:成功设置定时关机，时间：36000s

2021-12-05 15:29:34 INFO:用户成功保存设置！

2021-12-05 15:31:18 INFO:用户成功保存设置！

2021-12-05 15:31:34 INFO:用户成功保存设置！

2021-12-05 15:35:06 INFO:用户成功保存设置！

2021-12-05 15:35:34 INFO:用户成功保存设置！

2021-12-05 15:35:36 INFO:用户成功保存设置！

2021-12-05 15:35:37 INFO:用户成功保存设置！

2021-12-05 15:35:37 INFO:用户成功保存设置！

2021-12-05 15:39:47 INFO:用户成功保存设置！

2021-12-05 15:49:22 INFO:用户成功保存设置！

2021-12-05 15:49:30 INFO:用户选择了：Africa/Casablanca时区

2021-12-05 15:49:33 INFO:用户选择了：Africa/Casablanca时区

2021-12-05 15:49:36 INFO:用户选择了：Africa/Casablanca时区

2021-12-05 15:50:01 INFO:用户选择了：Africa/Windhoek时区

2021-12-05 15:50:28 INFO:用户选择了：Asia/Tehran时区

2021-12-05 15:53:41 INFO:成功设置定时关机，时间：3600s

2021-12-05 16:02:31 INFO:用户使用了一次计时器！

2021-12-05 16:02:33 INFO:用户使用了一次计时器！

2021-12-05 16:02:34 INFO:用户使用了一次计时器！

2021-12-05 16:02:35 INFO:用户使用了一次计时器！

2021-12-05 16:02:36 INFO:用户使用了一次计时器！

2021-12-05 16:08:59 INFO:用户使用了一次计时器！

2021-12-05 16:09:25 INFO:用户成功保存设置！

2021-12-05 16:18:03 INFO:用户成功保存设置！

2021-12-05 16:18:05 INFO:用户使用了一次计时器！

2021-12-05 16:18:07 INFO:用户使用了一次计时器！

2021-12-05 16:18:09 INFO:用户使用了一次计时器！

2021-12-05 16:18:13 INFO:用户选择了：America/Denver时区

2021-12-05 17:10:04 INFO:用户选择了：America/Los_Angeles时区

2021-12-05 17:23:32 INFO:用户选择了：Asia/Kuwait时区

2021-12-05 17:39:19 INFO:用户清理了jvm的内存

2021-12-05 17:39:22 INFO:用户清理了jvm的内存

2021-12-05 17:39:23 INFO:用户清理了jvm的内存

2021-12-05 17:39:26 INFO:用户清理了jvm的内存

2021-12-05 17:39:27 INFO:用户清理了jvm的内存

2021-12-05 17:39:37 INFO:用户清理了jvm的内存

2021-12-05 17:39:38 INFO:用户清理了jvm的内存

2021-12-05 17:39:40 INFO:用户清理了jvm的内存

2021-12-05 17:39:41 INFO:用户清理了jvm的内存

2021-12-05 17:40:01 INFO:用户选择了：America/Barbados时区

2021-12-05 17:40:43 INFO:用户清理了jvm的内存

2021-12-05 17:40:48 INFO:用户清理了jvm的内存

2021-12-05 20:38:27 INFO:用户成功保存设置！

2021-12-05 20:38:28 INFO:用户成功保存设置！

2021-12-05 20:50:03 INFO:用户选择了：Atlantic/Cape_Verde时区

2021-12-05 20:55:44 INFO:用户成功保存设置！

2021-12-05 21:01:10 INFO:用户选择了：Asia/Baghdad时区

2021-12-05 21:01:13 INFO:用户查看了使用日志

2021-12-05 21:01:18 INFO:用户查看了使用日志

2021-12-05 21:01:24 INFO:用户清理了jvm的内存

2021-12-05 21:09:00 INFO:用户使用了一次计时器！

2021-12-05 21:09:02 INFO:用户查看了使用日志

2021-12-05 21:09:11 INFO:用户清理了jvm的内存

2021-12-05 21:10:32 INFO:用户成功保存设置！

2021-12-05 21:13:56 INFO:用户成功保存设置！

2021-12-05 21:51:11 INFO:Selection Error：用户尝试打开未开发的功能

2021-12-05 21:51:11 INFO:Selection Error：用户尝试打开未开发的功能

2021-12-05 21:51:12 INFO:Selection Error：用户尝试打开未开发的功能

2021-12-05 21:51:45 INFO:Selection Error：用户尝试打开未开发的功能

2021-12-05 21:51:46 INFO:Selection Error：用户尝试打开未开发的功能

2021-12-05 21:51:47 INFO:Selection Error：用户尝试打开未开发的功能

2021-12-05 21:51:48 INFO:Selection Error：用户尝试打开未开发的功能

2021-12-06 09:23:59 INFO:Selection Error：用户尝试打开未开发的功能

2021-12-06 09:24:00 INFO:Selection Error：用户尝试打开未开发的功能

2021-12-06 09:24:01 INFO:Selection Error：用户尝试打开未开发的功能

2021-12-06 09:24:02 INFO:Selection Error：用户尝试打开未开发的功能

2021-12-06 09:24:05 INFO:用户查看了使用日志

2021-12-06 09:43:05 INFO:用户使用了一次计时器！

2021-12-06 09:43:20 INFO:成功设置定时关机，时间：-3600s

2022-01-01 17:06:29 INFO:用户成功保存设置！

2022-01-01 17:06:39 INFO:用户查看了使用日志

2022-01-01 17:10:48 INFO:用户选择了：Europe/Moscow时区

2022-01-01 17:10:51 INFO:用户选择了：Europe/Moscow时区

2022-01-01 17:24:25 INFO:用户选择了：Africa/Casablanca时区

2022-01-01 17:36:14 INFO:用户清理了jvm的内存

2022-01-01 17:36:38 INFO:用户使用了一次计时器！

2022-01-01 17:36:45 INFO:Selection Error：用户尝试打开未开发的功能

2022-01-01 17:37:24 INFO:Selection Error：用户尝试打开未开发的功能

2022-01-01 17:37:28 INFO:用户成功保存设置！

2022-01-01 17:37:34 INFO:用户使用了一次计时器！

2022-01-01 17:38:05 INFO:用户使用了一次计时器！

2022-01-01 17:38:10 INFO:Selection Error：用户尝试打开未开发的功能

2022-01-01 17:38:12 INFO:用户成功保存设置！

2022-01-01 17:38:19 INFO:用户查看了使用日志

2022-01-01 17:38:47 INFO:Selection Error：用户尝试打开未开发的功能

2022-01-01 17:39:02 INFO:Selection Error：用户尝试打开未开发的功能

2022-01-01 17:39:02 INFO:用户使用了一次计时器！

2022-01-01 17:47:38 INFO:用户查看了使用日志

2022-01-01 21:18:00 INFO:用户查看了使用日志

2022-01-01 21:18:07 INFO:用户选择了：Europe/London时区

2022-01-01 21:18:14 INFO:用户成功保存设置！

2022-01-01 21:18:23 INFO:Selection Error：用户尝试打开未开发的功能

2022-01-01 21:18:24 INFO:用户使用了一次计时器！

2022-01-01 23:30:13 INFO:用户查看了使用日志

2022-01-01 23:31:27 INFO:用户查看了使用日志

2022-01-02 11:57:51 INFO:用户查看了使用日志

2022-01-02 20:46:16 INFO:用户清理了jvm的内存

2022-01-02 20:46:20 INFO:用户清理了jvm的内存

2022-01-02 20:46:25 INFO:用户清理了jvm的内存

2022-01-02 20:46:29 INFO:用户清理了jvm的内存

2022-01-02 20:54:02 INFO:用户清理了jvm的内存

2022-01-02 20:54:05 INFO:用户清理了jvm的内存

2022-01-02 20:54:08 INFO:用户清理了jvm的内存

2022-01-02 20:57:01 INFO:用户清理了jvm的内存

2022-01-02 20:59:33 INFO:用户选择了：Europe/London时区

2022-01-02 20:59:36 INFO:用户查看了使用日志

2022-01-02 21:00:33 INFO:用户清理了jvm的内存

2022-01-02 21:03:43 INFO:用户查看了使用日志

2022-01-02 21:03:48 INFO:用户选择了：America/Chicago时区

2022-01-02 21:19:31 INFO:用户清理了jvm的内存

2022-01-02 21:20:11 INFO:用户清理了jvm的内存

2022-01-02 21:20:13 INFO:用户清理了jvm的内存

2022-01-02 23:20:53 INFO:用户使用了一次计时器！

2022-01-02 23:20:54 INFO:用户使用了一次计时器！

2022-01-02 23:21:16 INFO:用户选择了：Asia/Kuwait时区

2022-01-02 23:32:03 INFO:用户清理了jvm的内存

2022-01-02 23:32:06 INFO:用户清理了jvm的内存

2022-01-02 23:32:07 INFO:用户清理了jvm的内存

2022-01-03 09:18:36 INFO:用户成功保存设置！

2022-01-03 09:19:09 INFO:用户成功保存设置！

2022-01-03 09:20:10 INFO:用户查看了使用日志

2022-01-03 09:25:52 INFO:用户使用了一次计时器！

2022-01-03 09:42:15 INFO:用户打开了网络时钟

2022-01-03 09:45:15 INFO:用户成功保存设置！

